Build started 1/27/2014 3:00:33 AM.
     1>Project "C:\Users\Waylon\Desktop\Dropbox\Spring 2014\CSCE 315\Visual Studio\GameAchievementTracker\GameAchievementTracker\GameAchievementTracker.vcxproj" on node 2 (Build target(s)).
     1>ClCompile:
         C:\Program Files (x86)\Microsoft Visual Studio 12.0\VC\bin\CL.exe /c /ZI /nologo /W3 /WX- /sdl /Od /Oy- /D WIN32 /D _DEBUG /D _CONSOLE /D _LIB /D _UNICODE /D UNICODE /Gm /EHsc /RTC1 /MDd /GS /fp:precise /Zc:wchar_t /Zc:forScope /Yu"stdafx.h" /Fp"Debug\GameAchievementTracker.pch" /Fo"Debug\\" /Fd"Debug\vc120.pdb" /Gd /TP /analyze- /errorReport:prompt Database.cpp
         Database.cpp
     1>c:\users\waylon\desktop\dropbox\spring 2014\csce 315\visual studio\gameachievementtracker\gameachievementtracker\database.cpp(97): warning C4018: '<' : signed/unsigned mismatch
     1>c:\users\waylon\desktop\dropbox\spring 2014\csce 315\visual studio\gameachievementtracker\gameachievementtracker\database.cpp(101): warning C4018: '<' : signed/unsigned mismatch
     1>c:\users\waylon\desktop\dropbox\spring 2014\csce 315\visual studio\gameachievementtracker\gameachievementtracker\database.cpp(128): warning C4018: '<' : signed/unsigned mismatch
     1>c:\users\waylon\desktop\dropbox\spring 2014\csce 315\visual studio\gameachievementtracker\gameachievementtracker\database.cpp(139): warning C4018: '<' : signed/unsigned mismatch
     1>c:\users\waylon\desktop\dropbox\spring 2014\csce 315\visual studio\gameachievementtracker\gameachievementtracker\database.cpp(169): warning C4018: '<' : signed/unsigned mismatch
     1>c:\users\waylon\desktop\dropbox\spring 2014\csce 315\visual studio\gameachievementtracker\gameachievementtracker\database.cpp(174): warning C4018: '<' : signed/unsigned mismatch
     1>c:\users\waylon\desktop\dropbox\spring 2014\csce 315\visual studio\gameachievementtracker\gameachievementtracker\database.cpp(191): warning C4018: '<' : signed/unsigned mismatch
     1>c:\users\waylon\desktop\dropbox\spring 2014\csce 315\visual studio\gameachievementtracker\gameachievementtracker\database.cpp(235): warning C4018: '<' : signed/unsigned mismatch
     1>c:\users\waylon\desktop\dropbox\spring 2014\csce 315\visual studio\gameachievementtracker\gameachievementtracker\database.cpp(238): warning C4018: '<' : signed/unsigned mismatch
     1>c:\users\waylon\desktop\dropbox\spring 2014\csce 315\visual studio\gameachievementtracker\gameachievementtracker\database.cpp(254): warning C4018: '<' : signed/unsigned mismatch
     1>c:\users\waylon\desktop\dropbox\spring 2014\csce 315\visual studio\gameachievementtracker\gameachievementtracker\database.cpp(269): warning C4018: '<' : signed/unsigned mismatch
     1>c:\users\waylon\desktop\dropbox\spring 2014\csce 315\visual studio\gameachievementtracker\gameachievementtracker\database.cpp(284): warning C4018: '<' : signed/unsigned mismatch
     1>c:\users\waylon\desktop\dropbox\spring 2014\csce 315\visual studio\gameachievementtracker\gameachievementtracker\database.cpp(299): warning C4018: '<' : signed/unsigned mismatch
     1>c:\users\waylon\desktop\dropbox\spring 2014\csce 315\visual studio\gameachievementtracker\gameachievementtracker\database.cpp(309): warning C4018: '<' : signed/unsigned mismatch
     1>c:\users\waylon\desktop\dropbox\spring 2014\csce 315\visual studio\gameachievementtracker\gameachievementtracker\database.cpp(319): warning C4018: '<' : signed/unsigned mismatch
       Link:
         C:\Program Files (x86)\Microsoft Visual Studio 12.0\VC\bin\link.exe /ERRORREPORT:PROMPT /OUT:"C:\Users\Waylon\Desktop\Dropbox\Spring 2014\CSCE 315\Visual Studio\GameAchievementTracker\Debug\GameAchievementTracker.exe" /INCREMENTAL /NOLOGO kernel32.lib user32.lib gdi32.lib winspool.lib comdlg32.lib advapi32.lib shell32.lib ole32.lib oleaut32.lib uuid.lib odbc32.lib odbccp32.lib /MANIFEST /MANIFESTUAC:"level='asInvoker' uiAccess='false'" /manifest:embed /DEBUG /PDB:"C:\Users\Waylon\Desktop\Dropbox\Spring 2014\CSCE 315\Visual Studio\GameAchievementTracker\Debug\GameAchievementTracker.pdb" /SUBSYSTEM:CONSOLE /TLBID:1 /DYNAMICBASE /NXCOMPAT /IMPLIB:"C:\Users\Waylon\Desktop\Dropbox\Spring 2014\CSCE 315\Visual Studio\GameAchievementTracker\Debug\GameAchievementTracker.lib" /MACHINE:X86 Debug\Achievement.obj
         Debug\Database.obj
         Debug\Game.obj
         Debug\Main.obj
         Debug\Player.obj
         Debug\stdafx.obj
         GameAchievementTracker.vcxproj -> C:\Users\Waylon\Desktop\Dropbox\Spring 2014\CSCE 315\Visual Studio\GameAchievementTracker\Debug\GameAchievementTracker.exe
     1>Done Building Project "C:\Users\Waylon\Desktop\Dropbox\Spring 2014\CSCE 315\Visual Studio\GameAchievementTracker\GameAchievementTracker\GameAchievementTracker.vcxproj" (Build target(s)).

Build succeeded.

Time Elapsed 00:00:00.80
